Gtk-Message: 14:12:53.034: Not loading module "atk-bridge": The functionality is provided by GTK natively. Please try to not load it.

(vivaldi:12169): Gtk-WARNING **: 14:12:53.086: GTK+ module /snap/vivaldi/131/gnome-platform/usr/lib/gtk-2.0/modules/libcanberra-gtk-module.so cannot be loaded.
GTK+ 2.x symbols detected. Using GTK+ 2.x and GTK+ 3 in the same process is not supported.
Gtk-Message: 14:12:53.087: Failed to load module "canberra-gtk-module"

(vivaldi:12169): Gtk-WARNING **: 14:12:53.088: GTK+ module /snap/vivaldi/131/gnome-platform/usr/lib/gtk-2.0/modules/libcanberra-gtk-module.so cannot be loaded.
GTK+ 2.x symbols detected. Using GTK+ 2.x and GTK+ 3 in the same process is not supported.
Gtk-Message: 14:12:53.098: Failed to load module "canberra-gtk-module"
[12169:12169:0111/141254.362182:ERROR:CONSOLE(242)] "<webview>: Script cannot be injected into content until the page has loaded.", source: extensions::webView (242)
[12169:12169:0111/141254.363406:ERROR:CONSOLE(242)] "<webview>: Script cannot be injected into content until the page has loaded.", source: extensions::webView (242)
[12169:12169:0111/141256.867422:ERROR:sharing_service.cc(296)] Device registration failed with fatal error
[12169:12169:0111/141257.071388:ERROR:extension_host.cc(458)] Received EventAck for extension jffbochibkahlbbmanpmndnhmeliecah for an unknown event.
[12169:12169:0111/141257.118371:ERROR:extension_host.cc(458)] Received EventAck for extension jffbochibkahlbbmanpmndnhmeliecah for an unknown event.
[12169:12169:0111/141257.780673:ERROR:zygote_communication_linux.cc(302)] Failed to send GetTerminationStatus message to zygote
[12169:12169:0111/141257.786545:ERROR:network_service_instance_impl.cc(613)] Network service crashed, restarting service.
[12169:12169:0111/141257.794336:ERROR:zygote_communication_linux.cc(302)] Failed to send GetTerminationStatus message to zygote
[12169:12169:0111/141257.797162:ERROR:zygote_communication_linux.cc(302)] Failed to send GetTerminationStatus message to zygote
[12169:12169:0111/141257.798071:ERROR:zygote_communication_linux.cc(302)] Failed to send GetTerminationStatus message to zygote
[12169:12169:0111/141257.799120:ERROR:zygote_communication_linux.cc(302)] Failed to send GetTerminationStatus message to zygote
[12169:12169:0111/141257.799651:ERROR:zygote_communication_linux.cc(302)] Failed to send GetTerminationStatus message to zygote
[12169:12169:0111/141257.800835:ERROR:zygote_communication_linux.cc(302)] Failed to send GetTerminationStatus message to zygote
[12169:12169:0111/141257.804154:ERROR:zygote_communication_linux.cc(302)] Failed to send GetTerminationStatus message to zygote
[12169:12169:0111/141257.807161:ERROR:zygote_communication_linux.cc(302)] Failed to send GetTerminationStatus message to zygote
[12169:12169:0111/141257.810928:ERROR:zygote_communication_linux.cc(302)] Failed to send GetTerminationStatus message to zygote
[12169:12169:0111/141257.819723:ERROR:zygote_communication_linux.cc(302)] Failed to send GetTerminationStatus message to zygote
[12169:12169:0111/141257.828416:ERROR:zygote_communication_linux.cc(302)] Failed to send GetTerminationStatus message to zygote
[12169:12169:0111/141257.831659:ERROR:zygote_communication_linux.cc(302)] Failed to send GetTerminationStatus message to zygote
[12169:12169:0111/141257.849583:ERROR:gpu_process_host.cc(978)] GPU process launch failed: error_code=1002
[12169:12169:0111/141257.852440:ERROR:service_worker_task_queue.cc(198)] DidStartWorkerFail fmkadmapgofadopljbjfkapdkoienihi: 3
[12169:12169:0111/141257.853379:ERROR:service_worker_task_queue.cc(198)] DidStartWorkerFail mihdfbecejheednfigjpdacgeilhlmnf: 3
[12169:12169:0111/141257.873433:ERROR:service_worker_task_queue.cc(198)] DidStartWorkerFail dbepggeogbaibhgnhhndojpepiihcmeb: 3
[12169:12169:0111/141257.874770:ERROR:gpu_process_host.cc(978)] GPU process launch failed: error_code=1002
[12169:12169:0111/141257.879079:ERROR:gpu_process_host.cc(978)] GPU process launch failed: error_code=1002
[12169:12169:0111/141257.896308:ERROR:gpu_process_host.cc(978)] GPU process launch failed: error_code=1002
[12169:12169:0111/141257.908317:ERROR:object_proxy.cc(576)] Failed to call method: org.freedesktop.ScreenSaver.GetActive: object_path= /org/freedesktop/ScreenSaver: org.freedesktop.DBus.Error.NotSupported: This method is not implemented
[12169:12169:0111/141257.909030:ERROR:gpu_process_host.cc(978)] GPU process launch failed: error_code=1002
[12169:12169:0111/141257.910168:ERROR:gpu_process_host.cc(978)] GPU process launch failed: error_code=1002
[12169:12169:0111/141257.911255:ERROR:gpu_process_host.cc(978)] GPU process launch failed: error_code=1002
[12169:12169:0111/141257.912104:ERROR:gpu_process_host.cc(978)] GPU process launch failed: error_code=1002
[12169:12169:0111/141257.912978:ERROR:gpu_process_host.cc(978)] GPU process launch failed: error_code=1002
[12169:12169:0111/141257.913078:FATAL:gpu_data_manager_impl_private.cc(423)] GPU process isn't usable. Goodbye.
[0111/141257.919480:ERROR:ptracer.cc(605)] ptrace: Input/output error (5)
[0111/141257.921246:ERROR:ptracer.cc(605)] ptrace: Input/output error (5)
[0111/141257.921541:ERROR:ptracer.cc(605)] ptrace: Input/output error (5)
[0111/141257.921666:ERROR:ptracer.cc(605)] ptrace: Input/output error (5)
[0111/141257.996184:ERROR:elf_dynamic_array_reader.h(64)] tag not found
[0111/141258.015533:ERROR:elf_dynamic_array_reader.h(64)] tag not found
Opening in existing browser session.
Gtk-Message: 14:16:29.334: Not loading module "atk-bridge": The functionality is provided by GTK natively. Please try to not load it.

(vivaldi:15479): Gtk-WARNING **: 14:16:29.389: GTK+ module /snap/vivaldi/131/gnome-platform/usr/lib/gtk-2.0/modules/libcanberra-gtk-module.so cannot be loaded.
GTK+ 2.x symbols detected. Using GTK+ 2.x and GTK+ 3 in the same process is not supported.
Gtk-Message: 14:16:29.389: Failed to load module "canberra-gtk-module"

(vivaldi:15479): Gtk-WARNING **: 14:16:29.390: GTK+ module /snap/vivaldi/131/gnome-platform/usr/lib/gtk-2.0/modules/libcanberra-gtk-module.so cannot be loaded.
GTK+ 2.x symbols detected. Using GTK+ 2.x and GTK+ 3 in the same process is not supported.
Gtk-Message: 14:16:29.390: Failed to load module "canberra-gtk-module"
[15479:15479:0111/141629.893233:ERROR:sharing_service.cc(296)] Device registration failed with fatal error
[15479:15479:0111/141630.661282:ERROR:CONSOLE(242)] "<webview>: Script cannot be injected into content until the page has loaded.", source: extensions::webView (242)
[15479:15479:0111/141630.662915:ERROR:CONSOLE(242)] "<webview>: Script cannot be injected into content until the page has loaded.", source: extensions::webView (242)
Fontconfig error: Cannot load default config file: No such file: (null)
[15479:15479:0111/141644.554731:ERROR:extension_host.cc(458)] Received EventAck for extension jffbochibkahlbbmanpmndnhmeliecah for an unknown event.
[15479:15479:0111/141644.555348:ERROR:extension_host.cc(458)] Received EventAck for extension jffbochibkahlbbmanpmndnhmeliecah for an unknown event.
[15479:15479:0111/141644.565724:ERROR:extension_host.cc(458)] Received EventAck for extension jffbochibkahlbbmanpmndnhmeliecah for an unknown event.
[15479:15479:0111/141645.453458:ERROR:CONSOLE(0)] "Unchecked runtime.lastError: The tab was closed.", source: chrome-extension://mpognobbkildjkofajifpdfhcoklimli/window.html (0)
Opening in existing browser session.
